<?xml version="1.0" encoding="UTF-8"?>
<testsuite name="com.bios.contracts.MetricTypeTest" tests="7" skipped="0" failures="0" errors="0" timestamp="2026-05-14T12:07:47" hostname="evo" time="0.024">
  <properties/>
  <testcase name="health_contract_authority_is_stable()" classname="com.bios.contracts.MetricTypeTest" time="0.008"/>
  <testcase name="fromKey_roundTrips_every_entry()" classname="com.bios.contracts.MetricTypeTest" time="0.002"/>
  <testcase name="safety_keys_are_safety_events()" classname="com.bios.contracts.MetricTypeTest" time="0.011"/>
  <testcase name="permission_names_match_manifest()" classname="com.bios.contracts.MetricTypeTest" time="0.001"/>
  <testcase name="fromKey_returns_null_for_unknown_keys()" classname="com.bios.contracts.MetricTypeTest" time="0.001"/>
  <testcase name="reserved_intent_actions_are_present()" classname="com.bios.contracts.MetricTypeTest" time="0.0"/>
  <testcase name="substance_use_keys_are_intake_events()" classname="com.bios.contracts.MetricTypeTest" time="0.0"/>
  <system-out><![CDATA[]]></system-out>
  <system-err><![CDATA[]]></system-err>
</testsuite>
